[2025-01-17 16:33:47,491:INFO: common:yaml file :config\config.yaml loaded successfully]
[2025-01-17 16:33:47,491:INFO: common:yaml file :params.yaml loaded successfully]
[2025-01-17 16:42:19,241:INFO: common:yaml file :config\config.yaml loaded successfully]
[2025-01-17 16:42:19,243:INFO: common:yaml file :params.yaml loaded successfully]
[2025-01-17 16:42:32,280:INFO: common:yaml file :config\config.yaml loaded successfully]
[2025-01-17 16:43:00,414:INFO: common:yaml file :config\config.yaml loaded successfully]
[2025-01-17 16:43:00,414:INFO: common:yaml file :params.yaml loaded successfully]
[2025-01-17 16:44:00,646:INFO: common:yaml file :config\config.yaml loaded successfully]
[2025-01-17 16:44:00,646:INFO: common:yaml file :params.yaml loaded successfully]
[2025-01-17 16:44:44,556:INFO: common:yaml file :config\config.yaml loaded successfully]
[2025-01-17 16:44:44,556:INFO: common:yaml file :params.yaml loaded successfully]
[2025-01-17 16:45:52,532:INFO: common:yaml file :config\config.yaml loaded successfully]
[2025-01-17 16:45:52,532:INFO: common:yaml file :params.yaml loaded successfully]
[2025-01-17 16:48:18,630:INFO: common:yaml file :config\config.yaml loaded successfully]
[2025-01-17 16:48:18,630:INFO: common:yaml file :params.yaml loaded successfully]
[2025-01-17 16:48:18,630:INFO: common:created dir at : artifacts]
[2025-01-17 16:48:18,646:INFO: common:created dir at : artifacts/data_ingestion]
[2025-01-17 16:50:52,207:INFO: common:yaml file :config\config.yaml loaded successfully]
[2025-01-17 16:50:52,207:INFO: common:yaml file :params.yaml loaded successfully]
[2025-01-17 16:50:52,207:INFO: common:created dir at : artifacts]
[2025-01-17 16:50:52,207:INFO: common:created dir at : artifacts/data_ingestion]
[2025-01-17 16:50:52,207:INFO: data_ingestion:Downloading data from https://drive.google.com/file/d/1O6xdJt72wfDPa3oYibxPPVuZDDt6ljOj/view?usp=sharing into file artifacts/data_ingestion/data.zip]
[2025-01-17 16:52:50,923:INFO: common:yaml file :config\config.yaml loaded successfully]
[2025-01-17 16:52:50,923:INFO: common:yaml file :params.yaml loaded successfully]
[2025-01-17 16:52:50,923:INFO: common:created dir at : artifacts]
[2025-01-17 16:52:50,923:INFO: common:created dir at : artifacts/data_ingestion]
[2025-01-17 16:52:50,923:INFO: data_ingestion:Downloading data from https://drive.google.com/file/d/1O6xdJt72wfDPa3oYibxPPVuZDDt6ljOj/view?usp=sharing into file artifacts/data_ingestion/data.zip]
[2025-01-17 16:54:19,460:INFO: common:yaml file :config\config.yaml loaded successfully]
[2025-01-17 16:54:19,460:INFO: common:yaml file :params.yaml loaded successfully]
[2025-01-17 16:54:19,460:INFO: common:created dir at : artifacts]
[2025-01-17 16:54:19,460:INFO: common:created dir at : artifacts/data_ingestion]
[2025-01-17 16:54:19,460:INFO: data_ingestion:Downloading data from https://drive.google.com/file/d/1O6xdJt72wfDPa3oYibxPPVuZDDt6ljOj/view?usp=sharing into file artifacts/data_ingestion/data.zip]
[2025-01-17 16:54:26,080:INFO: data_ingestion:Downloading data from https://drive.google.com/file/d/1O6xdJt72wfDPa3oYibxPPVuZDDt6ljOj/view?usp=sharing into file artifacts/data_ingestion/data.zip]
[2025-01-18 09:04:50,584:INFO: Stage_01_dataingestion:Entered into data_ingestion_pipeline]
[2025-01-18 09:05:06,228:INFO: Stage_01_dataingestion:Entered into data_ingestion_pipeline]
[2025-01-18 09:05:06,228:INFO: main:>>>>>>>>>>>>>>>>>entered into {STAGE_NAME}<<<<<<<<<<<<<<<]
[2025-01-18 09:05:18,681:INFO: Stage_01_dataingestion:Entered into data_ingestion_pipeline]
[2025-01-18 09:05:18,681:INFO: main:>>>>>>>>>>>>>>>>>entered into {STAGE_NAME}<<<<<<<<<<<<<<<]
[2025-01-18 09:05:18,681:INFO: common:yaml file :config\config.yaml loaded successfully]
[2025-01-18 09:05:18,681:INFO: common:yaml file :params.yaml loaded successfully]
[2025-01-18 09:05:18,681:INFO: common:created dir at : artifacts]
[2025-01-18 09:05:18,681:INFO: common:created dir at : artifacts/data_ingestion]
[2025-01-18 09:05:18,681:INFO: data_ingestion:Downloading data from https://drive.google.com/file/d/1O6xdJt72wfDPa3oYibxPPVuZDDt6ljOj/view?usp=sharing into file artifacts/data_ingestion/data.zip]
[2025-01-18 09:05:25,631:INFO: data_ingestion:Downloading data from https://drive.google.com/file/d/1O6xdJt72wfDPa3oYibxPPVuZDDt6ljOj/view?usp=sharing into file artifacts/data_ingestion/data.zip]
[2025-01-18 09:05:25,645:INFO: main:Exist from {STAGE_NAME}]
[2025-01-18 09:08:26,243:INFO: Stage_01_dataingestion:Entered into data_ingestion_pipeline]
[2025-01-18 09:08:26,243:INFO: main:>>>>>>>>>>>>>>>>>entered into Data_ingestion_stage<<<<<<<<<<<<<<<]
[2025-01-18 09:08:26,243:INFO: common:yaml file :config\config.yaml loaded successfully]
[2025-01-18 09:08:26,243:INFO: common:yaml file :params.yaml loaded successfully]
[2025-01-18 09:08:26,243:INFO: common:created dir at : artifacts]
[2025-01-18 09:08:26,243:INFO: common:created dir at : artifacts/data_ingestion]
[2025-01-18 09:08:26,243:INFO: data_ingestion:Downloading data from https://drive.google.com/file/d/1O6xdJt72wfDPa3oYibxPPVuZDDt6ljOj/view?usp=sharing into file artifacts/data_ingestion/data.zip]
[2025-01-18 09:08:26,243:INFO: data_ingestion:Downloading data from https://drive.google.com/file/d/1O6xdJt72wfDPa3oYibxPPVuZDDt6ljOj/view?usp=sharing into file artifacts/data_ingestion/data.zip]
[2025-01-18 09:08:31,293:INFO: data_ingestion:Data downloaded data from https://drive.google.com/file/d/1O6xdJt72wfDPa3oYibxPPVuZDDt6ljOj/view?usp=sharing into file artifacts/data_ingestion/data.zip]
[2025-01-18 09:08:31,311:INFO: main:Exist from Data_ingestion_stage]
[2025-01-18 09:10:01,148:INFO: Stage_01_dataingestion:Entered into data_ingestion_pipeline]
[2025-01-18 09:10:01,148:INFO: main:>>>>>>>>>>>>>>>>>entered into Data_ingestion_stage<<<<<<<<<<<<<<<]
[2025-01-18 09:10:01,148:INFO: common:yaml file :config\config.yaml loaded successfully]
[2025-01-18 09:10:01,148:INFO: common:yaml file :params.yaml loaded successfully]
[2025-01-18 09:10:01,148:INFO: common:created dir at : artifacts]
[2025-01-18 09:10:01,148:INFO: common:created dir at : artifacts/data_ingestion]
[2025-01-18 09:10:01,148:INFO: data_ingestion:Downloading data from https://drive.google.com/file/d/1O6xdJt72wfDPa3oYibxPPVuZDDt6ljOj/view?usp=sharing into file artifacts/data_ingestion/data.zip]
[2025-01-18 09:10:01,148:INFO: data_ingestion:Downloading data from https://drive.google.com/file/d/1O6xdJt72wfDPa3oYibxPPVuZDDt6ljOj/view?usp=sharing into file artifacts/data_ingestion/data.zip]
[2025-01-18 09:10:07,907:INFO: data_ingestion:Data downloaded data from https://drive.google.com/file/d/1O6xdJt72wfDPa3oYibxPPVuZDDt6ljOj/view?usp=sharing into file artifacts/data_ingestion/data.zip]
[2025-01-18 09:10:22,351:INFO: Stage_01_dataingestion:Entered into data_ingestion_pipeline]
[2025-01-18 09:10:22,353:INFO: main:>>>>>>>>>>>>>>>>>entered into Data_ingestion_stage<<<<<<<<<<<<<<<]
[2025-01-18 09:10:22,355:INFO: common:yaml file :config\config.yaml loaded successfully]
[2025-01-18 09:10:22,355:INFO: common:yaml file :params.yaml loaded successfully]
[2025-01-18 09:10:22,355:INFO: common:created dir at : artifacts]
[2025-01-18 09:10:22,357:INFO: common:created dir at : artifacts/data_ingestion]
[2025-01-18 09:10:22,357:INFO: data_ingestion:Downloading data from https://drive.google.com/file/d/1O6xdJt72wfDPa3oYibxPPVuZDDt6ljOj/view?usp=sharing into file artifacts/data_ingestion/data.zip]
[2025-01-18 09:10:22,357:INFO: data_ingestion:Downloading data from https://drive.google.com/file/d/1O6xdJt72wfDPa3oYibxPPVuZDDt6ljOj/view?usp=sharing into file artifacts/data_ingestion/data.zip]
[2025-01-18 09:10:27,491:INFO: data_ingestion:Data downloaded data from https://drive.google.com/file/d/1O6xdJt72wfDPa3oYibxPPVuZDDt6ljOj/view?usp=sharing into file artifacts/data_ingestion/data.zip]
[2025-01-18 09:10:27,491:INFO: data_ingestion:>>>>>>>>>>> Extracting Zip DataFile <<<<<<<<<<<<<<]
[2025-01-18 09:10:27,505:INFO: data_ingestion:>>>>>>>>>> Zip file extracted <<<<<<<<<<<<<<<]
[2025-01-18 09:10:27,511:INFO: main:Exist from Data_ingestion_stage]
[2025-01-18 09:11:31,161:INFO: Stage_01_dataingestion:Entered into data_ingestion_pipeline]
[2025-01-18 09:11:31,161:INFO: main:>>>>>>>>>>>>>>>>>entered into Data_ingestion_stage<<<<<<<<<<<<<<<]
[2025-01-18 09:11:31,161:INFO: common:yaml file :config\config.yaml loaded successfully]
[2025-01-18 09:11:31,161:INFO: common:yaml file :params.yaml loaded successfully]
[2025-01-18 09:11:31,176:INFO: common:created dir at : artifacts]
[2025-01-18 09:11:31,176:INFO: common:created dir at : artifacts/data_ingestion]
[2025-01-18 09:11:31,176:INFO: data_ingestion:Downloading data from https://drive.google.com/file/d/1O6xdJt72wfDPa3oYibxPPVuZDDt6ljOj/view?usp=sharing into file artifacts/data_ingestion/data.zip]
[2025-01-18 09:11:31,178:INFO: data_ingestion:Downloading data from https://drive.google.com/file/d/1O6xdJt72wfDPa3oYibxPPVuZDDt6ljOj/view?usp=sharing into file artifacts/data_ingestion/data.zip]
[2025-01-18 09:11:36,381:INFO: data_ingestion:Data downloaded data from https://drive.google.com/file/d/1O6xdJt72wfDPa3oYibxPPVuZDDt6ljOj/view?usp=sharing into file artifacts/data_ingestion/data.zip]
[2025-01-18 09:11:36,381:INFO: data_ingestion:>>>>>>>>>>> Extracting Zip DataFile <<<<<<<<<<<<<<]
[2025-01-18 09:11:36,389:INFO: data_ingestion:>>>>>>>>>> Zip file extracted <<<<<<<<<<<<<<<]
[2025-01-18 09:11:36,389:INFO: main:Exist from Data_ingestion_stage]
[2025-01-18 09:12:46,350:INFO: Stage_01_dataingestion:Entered into data_ingestion_pipeline]
[2025-01-18 09:12:46,350:INFO: main:>>>>>>>>>>>>>>>>>entered into Data_ingestion_stage<<<<<<<<<<<<<<<]
[2025-01-18 09:12:46,350:INFO: common:yaml file :config\config.yaml loaded successfully]
[2025-01-18 09:12:46,350:INFO: common:yaml file :params.yaml loaded successfully]
[2025-01-18 09:12:46,350:INFO: common:created dir at : artifacts]
[2025-01-18 09:12:46,350:INFO: common:created dir at : artifacts/data_ingestion]
[2025-01-18 09:12:46,350:INFO: data_ingestion:Downloading data from https://drive.google.com/file/d/1O6xdJt72wfDPa3oYibxPPVuZDDt6ljOj/view?usp=sharing into file artifacts/data_ingestion/data.zip]
[2025-01-18 09:12:46,350:INFO: data_ingestion:Downloading data from https://drive.google.com/file/d/1O6xdJt72wfDPa3oYibxPPVuZDDt6ljOj/view?usp=sharing into file artifacts/data_ingestion/data.zip]
[2025-01-18 09:12:51,613:INFO: data_ingestion:Data downloaded data from https://drive.google.com/file/d/1O6xdJt72wfDPa3oYibxPPVuZDDt6ljOj/view?usp=sharing into file artifacts/data_ingestion/data.zip]
[2025-01-18 09:12:51,616:INFO: data_ingestion:>>>>>>>>>>> Extracting Zip DataFile <<<<<<<<<<<<<<]
[2025-01-18 09:12:51,624:INFO: data_ingestion:>>>>>>>>>> Zip file extracted <<<<<<<<<<<<<<<]
[2025-01-18 09:12:51,629:INFO: main:Exist from Data_ingestion_stage]
[2025-01-18 09:13:19,558:INFO: Stage_01_dataingestion:Entered into data_ingestion_pipeline]
[2025-01-18 09:13:19,558:INFO: main:>>>>>>>>>>>>>>>>>entered into Data_ingestion_stage<<<<<<<<<<<<<<<]
[2025-01-18 09:13:19,569:INFO: common:yaml file :config\config.yaml loaded successfully]
[2025-01-18 09:13:19,569:INFO: common:yaml file :params.yaml loaded successfully]
[2025-01-18 09:13:19,569:INFO: common:created dir at : artifacts]
[2025-01-18 09:13:19,569:INFO: common:created dir at : artifacts/data_ingestion]
[2025-01-18 09:13:19,569:INFO: data_ingestion:Downloading data from https://drive.google.com/file/d/1O6xdJt72wfDPa3oYibxPPVuZDDt6ljOj/view?usp=sharing into file artifacts/data_ingestion/data.zip]
[2025-01-18 09:13:24,891:INFO: data_ingestion:Data downloaded data from https://drive.google.com/file/d/1O6xdJt72wfDPa3oYibxPPVuZDDt6ljOj/view?usp=sharing into file artifacts/data_ingestion/data.zip]
[2025-01-18 09:13:24,894:INFO: data_ingestion:>>>>>>>>>>> Extracting Zip DataFile <<<<<<<<<<<<<<]
[2025-01-18 09:13:24,906:INFO: data_ingestion:>>>>>>>>>> Zip file extracted <<<<<<<<<<<<<<<]
[2025-01-18 09:13:24,906:INFO: main:Exist from Data_ingestion_stage]
[2025-01-18 09:14:22,071:INFO: Stage_01_dataingestion:Entered into data_ingestion_pipeline]
[2025-01-18 09:14:22,079:INFO: main:>>>>>>>>>>>>>>>>>entered into Data_ingestion_stage<<<<<<<<<<<<<<<]
[2025-01-18 09:14:22,079:INFO: common:yaml file :config\config.yaml loaded successfully]
[2025-01-18 09:14:22,079:INFO: common:yaml file :params.yaml loaded successfully]
[2025-01-18 09:14:22,079:INFO: common:created dir at : artifacts]
[2025-01-18 09:14:22,079:INFO: common:created dir at : artifacts/data_ingestion]
[2025-01-18 09:14:22,079:INFO: data_ingestion:Downloading data from https://drive.google.com/file/d/1O6xdJt72wfDPa3oYibxPPVuZDDt6ljOj/view?usp=sharing into file artifacts/data_ingestion/data.zip]
[2025-01-18 09:14:27,041:INFO: data_ingestion:>>>>>>>>>>>>>>>> Data downloaded data <<<<<<<<<<<<<]
[2025-01-18 09:14:27,041:INFO: data_ingestion:>>>>>>>>>>> Extracting Zip DataFile <<<<<<<<<<<<<<]
[2025-01-18 09:14:27,059:INFO: data_ingestion:>>>>>>>>>> Zip file extracted <<<<<<<<<<<<<<<]
[2025-01-18 09:14:27,061:INFO: main:Exist from Data_ingestion_stage]
[2025-01-18 09:14:51,299:INFO: Stage_01_dataingestion:Entered into data_ingestion_pipeline]
[2025-01-18 09:14:51,299:INFO: main:>>>>>>>>>>>>>>>>>entered into Data_ingestion_stage<<<<<<<<<<<<<<<]
[2025-01-18 09:14:51,299:INFO: common:yaml file :config\config.yaml loaded successfully]
[2025-01-18 09:14:51,299:INFO: common:yaml file :params.yaml loaded successfully]
[2025-01-18 09:14:51,299:INFO: common:created dir at : artifacts]
[2025-01-18 09:14:51,299:INFO: common:created dir at : artifacts/data_ingestion]
[2025-01-18 09:14:51,299:INFO: data_ingestion:Downloading data from https://drive.google.com/file/d/1O6xdJt72wfDPa3oYibxPPVuZDDt6ljOj/view?usp=sharing into file artifacts/data_ingestion/data.zip]
[2025-01-18 09:14:56,450:INFO: data_ingestion:>>>>>>>>>>>>>>>> Data downloaded <<<<<<<<<<<<<]
[2025-01-18 09:14:56,450:INFO: data_ingestion:>>>>>>>>>>> Extracting Zip DataFile <<<<<<<<<<<<<<]
[2025-01-18 09:14:56,465:INFO: data_ingestion:>>>>>>>>>> Zip file extracted <<<<<<<<<<<<<<<]
[2025-01-18 09:14:56,465:INFO: main:Exist from Data_ingestion_stage]
[2025-01-18 14:33:32,656:INFO: Stage_01_dataingestion:Entered into data_ingestion_pipeline]
[2025-01-18 14:33:32,656:INFO: main:>>>>>>>>>>>>>>>>>entered into Data_ingestion_stage<<<<<<<<<<<<<<<]
[2025-01-18 14:33:32,656:INFO: common:yaml file :config\config.yaml loaded successfully]
[2025-01-18 14:33:32,656:INFO: common:yaml file :params.yaml loaded successfully]
[2025-01-18 14:33:32,673:INFO: common:created dir at : artifacts]
[2025-01-18 14:33:32,673:INFO: common:created dir at : artifacts/data_ingestion]
[2025-01-18 14:33:32,673:INFO: data_ingestion:Downloading data from https://drive.google.com/file/d/11dmrM8o5BQy4zQYGRkaCEVAp-_nt6wWx/view?usp=sharing into file artifacts/data_ingestion/data.zip]
[2025-01-18 14:33:38,102:INFO: data_ingestion:>>>>>>>>>>>>>>>> Data downloaded <<<<<<<<<<<<<]
[2025-01-18 14:33:38,102:INFO: data_ingestion:>>>>>>>>>>> Extracting Zip DataFile <<<<<<<<<<<<<<]
[2025-01-18 14:33:38,110:INFO: data_ingestion:>>>>>>>>>> Zip file extracted <<<<<<<<<<<<<<<]
[2025-01-18 14:33:38,110:INFO: main:Exist from Data_ingestion_stage]
[2025-01-18 15:07:31,897:INFO: Stage_01_dataingestion:Entered into data_ingestion_pipeline]
[2025-01-18 15:08:56,298:INFO: main:>>>>>>>>>>>>>>>>>Entered into Data_ingestion_stage<<<<<<<<<<<<<<<]
[2025-01-18 15:08:56,307:INFO: common:yaml file :config\config.yaml loaded successfully]
[2025-01-18 15:08:56,307:INFO: common:yaml file :params.yaml loaded successfully]
[2025-01-18 15:08:56,307:INFO: common:created dir at : artifacts]
[2025-01-18 15:08:56,307:INFO: common:created dir at : artifacts/data_ingestion]
[2025-01-18 15:08:56,307:INFO: data_ingestion:Downloading data from https://drive.google.com/file/d/11dmrM8o5BQy4zQYGRkaCEVAp-_nt6wWx/view?usp=sharing into file artifacts/data_ingestion/data.zip]
[2025-01-18 15:09:01,859:INFO: data_ingestion:>>>>>>>>>>>>>>>> Data downloaded <<<<<<<<<<<<<]
[2025-01-18 15:09:01,860:INFO: data_ingestion:>>>>>>>>>>> Extracting Zip DataFile <<<<<<<<<<<<<<]
[2025-01-18 15:09:01,868:INFO: data_ingestion:>>>>>>>>>> Zip file extracted <<<<<<<<<<<<<<<]
[2025-01-18 15:09:01,869:INFO: main:Exist from Data_ingestion_stage]
[2025-01-18 15:09:01,869:INFO: main:>>>>>>>>>>>>>>>>> Entered into Data_transformation_stage<<<<<<<<<<<<<<<]
[2025-01-18 15:09:01,869:INFO: Stage_02_transform_data:>>>>>> Running data_transformation_pipeline<<<<<<<<<<]
[2025-01-18 15:11:00,646:INFO: Stage_01_dataingestion:Entered into data_ingestion_pipeline]
[2025-01-18 15:11:15,536:INFO: main:>>>>>>>>>>>>>>>>>Entered into Data_ingestion_stage<<<<<<<<<<<<<<<]
[2025-01-18 15:11:15,536:INFO: common:yaml file :config\config.yaml loaded successfully]
[2025-01-18 15:11:15,536:INFO: common:yaml file :params.yaml loaded successfully]
[2025-01-18 15:11:15,536:INFO: common:created dir at : artifacts]
[2025-01-18 15:11:15,536:INFO: common:created dir at : artifacts/data_ingestion]
[2025-01-18 15:11:15,536:INFO: data_ingestion:Downloading data from https://drive.google.com/file/d/11dmrM8o5BQy4zQYGRkaCEVAp-_nt6wWx/view?usp=sharing into file artifacts/data_ingestion/data.zip]
[2025-01-18 15:11:20,225:INFO: data_ingestion:>>>>>>>>>>>>>>>> Data downloaded <<<<<<<<<<<<<]
[2025-01-18 15:11:20,233:INFO: data_ingestion:>>>>>>>>>>> Extracting Zip DataFile <<<<<<<<<<<<<<]
[2025-01-18 15:11:20,234:INFO: data_ingestion:>>>>>>>>>> Zip file extracted <<<<<<<<<<<<<<<]
[2025-01-18 15:11:20,234:INFO: main:Exist from Data_ingestion_stage]
[2025-01-18 15:11:20,234:INFO: main:>>>>>>>>>>>>>>>>> Entered into Data_transformation_stage<<<<<<<<<<<<<<<]
[2025-01-18 15:11:20,234:INFO: Stage_02_transform_data:>>>>>> Running data_transformation_pipeline<<<<<<<<<<]
[2025-01-18 15:13:26,726:INFO: Stage_01_dataingestion:Entered into data_ingestion_pipeline]
[2025-01-18 15:13:40,987:INFO: main:>>>>>>>>>>>>>>>>>Entered into Data_ingestion_stage<<<<<<<<<<<<<<<]
[2025-01-18 15:13:40,987:INFO: common:yaml file :config\config.yaml loaded successfully]
[2025-01-18 15:13:40,987:INFO: common:yaml file :params.yaml loaded successfully]
[2025-01-18 15:13:40,987:INFO: common:created dir at : artifacts]
[2025-01-18 15:13:40,987:INFO: common:created dir at : artifacts/data_ingestion]
[2025-01-18 15:13:40,987:INFO: data_ingestion:Downloading data from https://drive.google.com/file/d/11dmrM8o5BQy4zQYGRkaCEVAp-_nt6wWx/view?usp=sharing into file artifacts/data_ingestion/data.zip]
[2025-01-18 15:13:45,503:INFO: data_ingestion:>>>>>>>>>>>>>>>> Data downloaded <<<<<<<<<<<<<]
[2025-01-18 15:13:45,503:INFO: data_ingestion:>>>>>>>>>>> Extracting Zip DataFile <<<<<<<<<<<<<<]
[2025-01-18 15:13:45,503:INFO: data_ingestion:>>>>>>>>>> Zip file extracted <<<<<<<<<<<<<<<]
[2025-01-18 15:13:45,512:INFO: main:Exist from Data_ingestion_stage]
[2025-01-18 15:13:45,512:INFO: main:>>>>>>>>>>>>>>>>> Entered into Data_transformation_stage<<<<<<<<<<<<<<<]
[2025-01-18 15:13:45,512:INFO: Stage_02_transform_data:>>>>>> Running data_transformation_pipeline<<<<<<<<<<]
[2025-01-18 15:13:45,515:INFO: common:yaml file :config\config.yaml loaded successfully]
[2025-01-18 15:13:45,515:INFO: common:yaml file :params.yaml loaded successfully]
[2025-01-18 15:13:45,520:INFO: common:created dir at : artifacts]
[2025-01-18 15:13:45,520:INFO: common:created dir at : artifacts/transformed_data]
[2025-01-18 15:13:45,520:INFO: transform_data:>>>>>>>>> Transforming data <<<<<<<<<]
[2025-01-18 15:13:45,520:INFO: main:Exist from Data_transformation_stage]
[2025-01-18 15:14:55,473:INFO: Stage_01_dataingestion:Entered into data_ingestion_pipeline]
[2025-01-18 15:15:09,638:INFO: main:>>>>>>>>>>>>>>>>>Entered into Data_ingestion_stage<<<<<<<<<<<<<<<]
[2025-01-18 15:15:09,638:INFO: common:yaml file :config\config.yaml loaded successfully]
[2025-01-18 15:15:09,638:INFO: common:yaml file :params.yaml loaded successfully]
[2025-01-18 15:15:09,646:INFO: common:created dir at : artifacts]
[2025-01-18 15:15:09,646:INFO: common:created dir at : artifacts/data_ingestion]
[2025-01-18 15:15:09,646:INFO: data_ingestion:Downloading data from https://drive.google.com/file/d/11dmrM8o5BQy4zQYGRkaCEVAp-_nt6wWx/view?usp=sharing into file artifacts/data_ingestion/data.zip]
[2025-01-18 15:15:14,962:INFO: data_ingestion:>>>>>>>>>>>>>>>> Data downloaded <<<<<<<<<<<<<]
[2025-01-18 15:15:14,962:INFO: data_ingestion:>>>>>>>>>>> Extracting Zip DataFile <<<<<<<<<<<<<<]
[2025-01-18 15:15:14,962:INFO: data_ingestion:>>>>>>>>>> Zip file extracted <<<<<<<<<<<<<<<]
[2025-01-18 15:15:14,962:INFO: main:Exist from Data_ingestion_stage]
[2025-01-18 15:15:14,962:INFO: main:>>>>>>>>>>>>>>>>> Entered into Data_transformation_stage<<<<<<<<<<<<<<<]
[2025-01-18 15:15:14,962:INFO: Stage_02_transform_data:>>>>>> Running data_transformation_pipeline<<<<<<<<<<]
[2025-01-18 15:15:14,962:INFO: common:yaml file :config\config.yaml loaded successfully]
[2025-01-18 15:15:14,968:INFO: common:yaml file :params.yaml loaded successfully]
[2025-01-18 15:15:14,968:INFO: common:created dir at : artifacts]
[2025-01-18 15:15:14,968:INFO: common:created dir at : artifacts/transformed_data]
[2025-01-18 15:15:14,968:INFO: transform_data:>>>>>>>>> Transforming data <<<<<<<<<]
[2025-01-18 15:15:14,970:INFO: main:Exist from Data_transformation_stage]
[2025-01-18 15:18:00,969:INFO: Stage_01_dataingestion:Entered into data_ingestion_pipeline]
[2025-01-18 15:18:14,992:INFO: main:>>>>>>>>>>>>>>>>>Entered into Data_ingestion_stage<<<<<<<<<<<<<<<]
[2025-01-18 15:18:14,992:INFO: common:yaml file :config\config.yaml loaded successfully]
[2025-01-18 15:18:14,992:INFO: common:yaml file :params.yaml loaded successfully]
[2025-01-18 15:18:14,992:INFO: common:created dir at : artifacts]
[2025-01-18 15:18:14,992:INFO: common:created dir at : artifacts/data_ingestion]
[2025-01-18 15:18:14,992:INFO: data_ingestion:Downloading data from https://drive.google.com/file/d/11dmrM8o5BQy4zQYGRkaCEVAp-_nt6wWx/view?usp=sharing into file artifacts/data_ingestion/data.zip]
[2025-01-18 15:18:20,565:INFO: data_ingestion:>>>>>>>>>>>>>>>> Data downloaded <<<<<<<<<<<<<]
[2025-01-18 15:18:20,565:INFO: data_ingestion:>>>>>>>>>>> Extracting Zip DataFile <<<<<<<<<<<<<<]
[2025-01-18 15:18:20,577:INFO: data_ingestion:>>>>>>>>>> Zip file extracted <<<<<<<<<<<<<<<]
[2025-01-18 15:18:20,577:INFO: main:Exist from Data_ingestion_stage]
[2025-01-18 15:18:20,577:INFO: main:>>>>>>>>>>>>>>>>> Entered into Data_transformation_stage<<<<<<<<<<<<<<<]
[2025-01-18 15:18:20,577:INFO: Stage_02_transform_data:>>>>>> Running data_transformation_pipeline<<<<<<<<<<]
[2025-01-18 15:18:20,581:INFO: common:yaml file :config\config.yaml loaded successfully]
[2025-01-18 15:18:20,582:INFO: common:yaml file :params.yaml loaded successfully]
[2025-01-18 15:18:20,583:INFO: common:created dir at : artifacts]
[2025-01-18 15:18:20,583:INFO: common:created dir at : artifacts/transformed_data]
[2025-01-18 15:19:22,323:INFO: Stage_01_dataingestion:Entered into data_ingestion_pipeline]
[2025-01-18 15:19:36,526:INFO: main:>>>>>>>>>>>>>>>>>Entered into Data_ingestion_stage<<<<<<<<<<<<<<<]
[2025-01-18 15:19:36,528:INFO: common:yaml file :config\config.yaml loaded successfully]
[2025-01-18 15:19:36,530:INFO: common:yaml file :params.yaml loaded successfully]
[2025-01-18 15:19:36,530:INFO: common:created dir at : artifacts]
[2025-01-18 15:19:36,530:INFO: common:created dir at : artifacts/data_ingestion]
[2025-01-18 15:19:36,530:INFO: data_ingestion:Downloading data from https://drive.google.com/file/d/11dmrM8o5BQy4zQYGRkaCEVAp-_nt6wWx/view?usp=sharing into file artifacts/data_ingestion/data.zip]
[2025-01-18 15:19:42,705:INFO: data_ingestion:>>>>>>>>>>>>>>>> Data downloaded <<<<<<<<<<<<<]
[2025-01-18 15:19:42,705:INFO: data_ingestion:>>>>>>>>>>> Extracting Zip DataFile <<<<<<<<<<<<<<]
[2025-01-18 15:19:42,710:INFO: data_ingestion:>>>>>>>>>> Zip file extracted <<<<<<<<<<<<<<<]
[2025-01-18 15:19:42,710:INFO: main:Exist from Data_ingestion_stage]
[2025-01-18 15:19:42,710:INFO: main:>>>>>>>>>>>>>>>>> Entered into Data_transformation_stage<<<<<<<<<<<<<<<]
[2025-01-18 15:19:42,710:INFO: Stage_02_transform_data:>>>>>> Running data_transformation_pipeline<<<<<<<<<<]
[2025-01-18 15:19:42,710:INFO: common:yaml file :config\config.yaml loaded successfully]
[2025-01-18 15:19:42,714:INFO: common:yaml file :params.yaml loaded successfully]
[2025-01-18 15:19:42,715:INFO: common:created dir at : artifacts]
[2025-01-18 15:19:42,717:INFO: common:created dir at : artifacts/transformed_data]
[2025-01-18 15:19:42,717:INFO: transform_data:>>>>>>>>> Transforming data <<<<<<<<<]
[2025-01-18 15:19:42,717:INFO: main:Exist from Data_transformation_stage]
[2025-01-18 15:25:54,113:INFO: Stage_01_dataingestion:Entered into data_ingestion_pipeline]
[2025-01-18 15:26:08,333:INFO: main:>>>>>>>>>>>>>>>>>Entered into Data_ingestion_stage<<<<<<<<<<<<<<<]
[2025-01-18 15:26:08,333:INFO: common:yaml file :config\config.yaml loaded successfully]
[2025-01-18 15:26:08,345:INFO: common:yaml file :params.yaml loaded successfully]
[2025-01-18 15:26:08,345:INFO: common:created dir at : artifacts]
[2025-01-18 15:26:08,345:INFO: common:created dir at : artifacts/data_ingestion]
[2025-01-18 15:26:08,345:INFO: data_ingestion:Downloading data from https://drive.google.com/file/d/11dmrM8o5BQy4zQYGRkaCEVAp-_nt6wWx/view?usp=sharing into file artifacts/data_ingestion/data.zip]
[2025-01-18 15:26:14,316:INFO: data_ingestion:>>>>>>>>>>>>>>>> Data downloaded <<<<<<<<<<<<<]
[2025-01-18 15:26:14,316:INFO: data_ingestion:>>>>>>>>>>> Extracting Zip DataFile <<<<<<<<<<<<<<]
[2025-01-18 15:26:14,325:INFO: data_ingestion:>>>>>>>>>> Zip file extracted <<<<<<<<<<<<<<<]
[2025-01-18 15:26:14,326:INFO: main:Exist from Data_ingestion_stage]
[2025-01-18 15:26:14,326:INFO: main:>>>>>>>>>>>>>>>>> Entered into Data_transformation_stage<<<<<<<<<<<<<<<]
[2025-01-18 15:26:14,327:INFO: Stage_02_transform_data:>>>>>> Running data_transformation_pipeline<<<<<<<<<<]
[2025-01-18 15:26:14,329:INFO: common:yaml file :config\config.yaml loaded successfully]
[2025-01-18 15:26:14,329:INFO: common:yaml file :params.yaml loaded successfully]
[2025-01-18 15:26:14,329:INFO: common:created dir at : artifacts]
[2025-01-18 15:26:14,332:INFO: common:created dir at : artifacts/transformed_data]
[2025-01-18 15:26:14,332:INFO: transform_data:>>>>>>>>> Transforming data <<<<<<<<<]
[2025-01-18 15:26:14,335:INFO: main:Exist from Data_transformation_stage]
[2025-01-18 15:27:54,254:INFO: Stage_01_dataingestion:Entered into data_ingestion_pipeline]
[2025-01-18 15:28:08,252:INFO: main:>>>>>>>>>>>>>>>>>Entered into Data_ingestion_stage<<<<<<<<<<<<<<<]
[2025-01-18 15:28:08,252:INFO: common:yaml file :config\config.yaml loaded successfully]
[2025-01-18 15:28:08,252:INFO: common:yaml file :params.yaml loaded successfully]
[2025-01-18 15:28:08,267:INFO: common:created dir at : artifacts]
[2025-01-18 15:28:08,267:INFO: common:created dir at : artifacts/data_ingestion]
[2025-01-18 15:28:08,267:INFO: data_ingestion:Downloading data from https://drive.google.com/file/d/11dmrM8o5BQy4zQYGRkaCEVAp-_nt6wWx/view?usp=sharing into file artifacts/data_ingestion/data.zip]
[2025-01-18 15:28:12,825:INFO: data_ingestion:>>>>>>>>>>>>>>>> Data downloaded <<<<<<<<<<<<<]
[2025-01-18 15:28:12,827:INFO: data_ingestion:>>>>>>>>>>> Extracting Zip DataFile <<<<<<<<<<<<<<]
[2025-01-18 15:28:12,830:INFO: data_ingestion:>>>>>>>>>> Zip file extracted <<<<<<<<<<<<<<<]
[2025-01-18 15:28:12,831:INFO: main:Exist from Data_ingestion_stage]
[2025-01-18 15:28:12,831:INFO: main:>>>>>>>>>>>>>>>>> Entered into Data_transformation_stage<<<<<<<<<<<<<<<]
[2025-01-18 15:28:12,832:INFO: Stage_02_transform_data:>>>>>> Running data_transformation_pipeline<<<<<<<<<<]
[2025-01-18 15:28:12,833:INFO: common:yaml file :config\config.yaml loaded successfully]
[2025-01-18 15:28:12,833:INFO: common:yaml file :params.yaml loaded successfully]
[2025-01-18 15:28:12,837:INFO: common:created dir at : artifacts]
[2025-01-18 15:28:12,838:INFO: common:created dir at : artifacts/transformed_data]
[2025-01-18 15:28:12,838:INFO: transform_data:>>>>>>>>> Transforming data <<<<<<<<<]
[2025-01-18 15:28:12,838:INFO: main:Exist from Data_transformation_stage]
[2025-01-18 15:28:46,760:INFO: Stage_01_dataingestion:Entered into data_ingestion_pipeline]
[2025-01-18 15:29:01,206:INFO: main:>>>>>>>>>>>>>>>>>Entered into Data_ingestion_stage<<<<<<<<<<<<<<<]
[2025-01-18 15:29:01,206:INFO: common:yaml file :config\config.yaml loaded successfully]
[2025-01-18 15:29:01,206:INFO: common:yaml file :params.yaml loaded successfully]
[2025-01-18 15:29:01,206:INFO: common:created dir at : artifacts]
[2025-01-18 15:29:01,206:INFO: common:created dir at : artifacts/data_ingestion]
[2025-01-18 15:29:01,206:INFO: data_ingestion:Downloading data from https://drive.google.com/file/d/11dmrM8o5BQy4zQYGRkaCEVAp-_nt6wWx/view?usp=sharing into file artifacts/data_ingestion/data.zip]
[2025-01-18 15:29:05,780:INFO: data_ingestion:>>>>>>>>>>>>>>>> Data downloaded <<<<<<<<<<<<<]
[2025-01-18 15:29:05,780:INFO: data_ingestion:>>>>>>>>>>> Extracting Zip DataFile <<<<<<<<<<<<<<]
[2025-01-18 15:29:05,787:INFO: data_ingestion:>>>>>>>>>> Zip file extracted <<<<<<<<<<<<<<<]
[2025-01-18 15:29:05,787:INFO: main:Exist from Data_ingestion_stage]
[2025-01-18 15:29:05,789:INFO: main:>>>>>>>>>>>>>>>>> Entered into Data_transformation_stage<<<<<<<<<<<<<<<]
[2025-01-18 15:29:05,790:INFO: Stage_02_transform_data:>>>>>> Running data_transformation_pipeline<<<<<<<<<<]
[2025-01-18 15:29:05,792:INFO: common:yaml file :config\config.yaml loaded successfully]
[2025-01-18 15:29:05,792:INFO: common:yaml file :params.yaml loaded successfully]
[2025-01-18 15:29:05,794:INFO: common:created dir at : artifacts]
[2025-01-18 15:29:05,794:INFO: common:created dir at : artifacts/transformed_data]
[2025-01-18 15:29:05,794:INFO: transform_data:>>>>>>>>> Transforming data <<<<<<<<<]
[2025-01-18 15:29:05,797:INFO: main:Exist from Data_transformation_stage]
[2025-01-18 15:30:32,775:INFO: Stage_01_dataingestion:Entered into data_ingestion_pipeline]
[2025-01-18 15:30:46,736:INFO: main:>>>>>>>>>>>>>>>>>Entered into Data_ingestion_stage<<<<<<<<<<<<<<<]
[2025-01-18 15:30:46,738:INFO: common:yaml file :config\config.yaml loaded successfully]
[2025-01-18 15:30:46,740:INFO: common:yaml file :params.yaml loaded successfully]
[2025-01-18 15:30:46,740:INFO: common:created dir at : artifacts]
[2025-01-18 15:30:46,740:INFO: common:created dir at : artifacts/data_ingestion]
[2025-01-18 15:30:46,742:INFO: data_ingestion:Downloading data from https://drive.google.com/file/d/11dmrM8o5BQy4zQYGRkaCEVAp-_nt6wWx/view?usp=sharing into file artifacts/data_ingestion/data.zip]
[2025-01-18 15:30:52,777:INFO: data_ingestion:>>>>>>>>>>>>>>>> Data downloaded <<<<<<<<<<<<<]
[2025-01-18 15:30:52,777:INFO: data_ingestion:>>>>>>>>>>> Extracting Zip DataFile <<<<<<<<<<<<<<]
[2025-01-18 15:30:52,779:INFO: data_ingestion:>>>>>>>>>> Zip file extracted <<<<<<<<<<<<<<<]
[2025-01-18 15:30:52,779:INFO: main:Exist from Data_ingestion_stage]
[2025-01-18 15:30:52,779:INFO: main:>>>>>>>>>>>>>>>>> Entered into Data_transformation_stage<<<<<<<<<<<<<<<]
[2025-01-18 15:30:52,779:INFO: Stage_02_transform_data:>>>>>> Running data_transformation_pipeline<<<<<<<<<<]
[2025-01-18 15:30:52,786:INFO: common:yaml file :config\config.yaml loaded successfully]
[2025-01-18 15:30:52,788:INFO: common:yaml file :params.yaml loaded successfully]
[2025-01-18 15:30:52,788:INFO: common:created dir at : artifacts]
[2025-01-18 15:30:52,788:INFO: common:created dir at : artifacts/transformed_data]
[2025-01-18 15:30:52,788:INFO: transform_data:>>>>>>>>> Transforming data <<<<<<<<<]
[2025-01-18 15:30:52,788:INFO: main:Exist from Data_transformation_stage]
[2025-01-18 15:31:29,281:INFO: Stage_01_dataingestion:Entered into data_ingestion_pipeline]
[2025-01-18 15:31:43,137:INFO: main:>>>>>>>>>>>>>>>>>Entered into Data_ingestion_stage<<<<<<<<<<<<<<<]
[2025-01-18 15:31:43,139:INFO: common:yaml file :config\config.yaml loaded successfully]
[2025-01-18 15:31:43,141:INFO: common:yaml file :params.yaml loaded successfully]
[2025-01-18 15:31:43,141:INFO: common:created dir at : artifacts]
[2025-01-18 15:31:43,143:INFO: common:created dir at : artifacts/data_ingestion]
[2025-01-18 15:31:43,143:INFO: data_ingestion:Downloading data from https://drive.google.com/file/d/11dmrM8o5BQy4zQYGRkaCEVAp-_nt6wWx/view?usp=sharing into file artifacts/data_ingestion/data.zip]
[2025-01-18 15:31:47,981:INFO: data_ingestion:>>>>>>>>>>>>>>>> Data downloaded <<<<<<<<<<<<<]
[2025-01-18 15:31:47,984:INFO: data_ingestion:>>>>>>>>>>> Extracting Zip DataFile <<<<<<<<<<<<<<]
[2025-01-18 15:31:47,987:INFO: data_ingestion:>>>>>>>>>> Zip file extracted <<<<<<<<<<<<<<<]
[2025-01-18 15:31:47,987:INFO: main:Exist from Data_ingestion_stage]
[2025-01-18 15:31:47,987:INFO: main:>>>>>>>>>>>>>>>>> Entered into Data_transformation_stage<<<<<<<<<<<<<<<]
[2025-01-18 15:31:47,987:INFO: Stage_02_transform_data:>>>>>> Running data_transformation_pipeline<<<<<<<<<<]
[2025-01-18 15:31:47,990:INFO: common:yaml file :config\config.yaml loaded successfully]
[2025-01-18 15:31:47,992:INFO: common:yaml file :params.yaml loaded successfully]
[2025-01-18 15:31:47,992:INFO: common:created dir at : artifacts]
[2025-01-18 15:31:47,994:INFO: common:created dir at : artifacts/transformed_data]
[2025-01-18 15:31:47,996:INFO: transform_data:>>>>>>>>> Transforming data <<<<<<<<<]
[2025-01-18 15:31:47,997:INFO: main:Exist from Data_transformation_stage]
[2025-01-18 15:32:23,736:INFO: Stage_01_dataingestion:Entered into data_ingestion_pipeline]
[2025-01-18 15:32:37,631:INFO: main:>>>>>>>>>>>>>>>>>Entered into Data_ingestion_stage<<<<<<<<<<<<<<<]
[2025-01-18 15:32:37,645:INFO: common:yaml file :config\config.yaml loaded successfully]
[2025-01-18 15:32:37,647:INFO: common:yaml file :params.yaml loaded successfully]
[2025-01-18 15:32:37,647:INFO: common:created dir at : artifacts]
[2025-01-18 15:32:37,647:INFO: common:created dir at : artifacts/data_ingestion]
[2025-01-18 15:32:37,647:INFO: data_ingestion:Downloading data from https://drive.google.com/file/d/11dmrM8o5BQy4zQYGRkaCEVAp-_nt6wWx/view?usp=sharing into file artifacts/data_ingestion/data.zip]
[2025-01-18 15:32:42,128:INFO: data_ingestion:>>>>>>>>>>>>>>>> Data downloaded <<<<<<<<<<<<<]
[2025-01-18 15:32:42,128:INFO: data_ingestion:>>>>>>>>>>> Extracting Zip DataFile <<<<<<<<<<<<<<]
[2025-01-18 15:32:42,138:INFO: data_ingestion:>>>>>>>>>> Zip file extracted <<<<<<<<<<<<<<<]
[2025-01-18 15:32:42,138:INFO: main:Exist from Data_ingestion_stage]
[2025-01-18 15:32:42,138:INFO: main:>>>>>>>>>>>>>>>>> Entered into Data_transformation_stage<<<<<<<<<<<<<<<]
[2025-01-18 15:32:42,140:INFO: Stage_02_transform_data:>>>>>> Running data_transformation_pipeline<<<<<<<<<<]
[2025-01-18 15:32:42,141:INFO: common:yaml file :config\config.yaml loaded successfully]
[2025-01-18 15:32:42,144:INFO: common:yaml file :params.yaml loaded successfully]
[2025-01-18 15:32:42,144:INFO: common:created dir at : artifacts]
[2025-01-18 15:32:42,146:INFO: common:created dir at : artifacts/transformed_data]
[2025-01-18 15:32:42,146:INFO: transform_data:>>>>>>>>> Transforming data <<<<<<<<<]
[2025-01-18 15:32:42,149:INFO: main:Exist from Data_transformation_stage]
[2025-01-18 15:33:57,452:INFO: Stage_01_dataingestion:Entered into data_ingestion_pipeline]
[2025-01-18 15:34:15,766:INFO: Stage_01_dataingestion:Entered into data_ingestion_pipeline]
[2025-01-18 15:34:30,272:INFO: main:>>>>>>>>>>>>>>>>>Entered into Data_ingestion_stage<<<<<<<<<<<<<<<]
[2025-01-18 15:34:30,274:INFO: common:yaml file :config\config.yaml loaded successfully]
[2025-01-18 15:34:30,274:INFO: common:yaml file :params.yaml loaded successfully]
[2025-01-18 15:34:30,274:INFO: common:created dir at : artifacts]
[2025-01-18 15:34:30,274:INFO: common:created dir at : artifacts/data_ingestion]
[2025-01-18 15:34:30,279:INFO: data_ingestion:Downloading data from https://drive.google.com/file/d/11dmrM8o5BQy4zQYGRkaCEVAp-_nt6wWx/view?usp=sharing into file artifacts/data_ingestion/data.zip]
[2025-01-18 15:34:35,273:INFO: data_ingestion:>>>>>>>>>>>>>>>> Data downloaded <<<<<<<<<<<<<]
[2025-01-18 15:34:35,273:INFO: data_ingestion:>>>>>>>>>>> Extracting Zip DataFile <<<<<<<<<<<<<<]
[2025-01-18 15:34:35,282:INFO: data_ingestion:>>>>>>>>>> Zip file extracted <<<<<<<<<<<<<<<]
[2025-01-18 15:34:35,282:INFO: main:Exist from Data_ingestion_stage]
[2025-01-18 15:34:35,282:INFO: main:>>>>>>>>>>>>>>>>> Entered into Data_transformation_stage<<<<<<<<<<<<<<<]
[2025-01-18 15:34:35,282:INFO: Stage_02_transform_data:>>>>>> Running data_transformation_pipeline<<<<<<<<<<]
[2025-01-18 15:34:35,286:INFO: common:yaml file :config\config.yaml loaded successfully]
[2025-01-18 15:34:35,288:INFO: common:yaml file :params.yaml loaded successfully]
[2025-01-18 15:34:35,288:INFO: common:created dir at : artifacts]
[2025-01-18 15:34:35,288:INFO: common:created dir at : artifacts/transformed_data]
[2025-01-18 15:34:35,288:INFO: transform_data:>>>>>>>>> Transforming data <<<<<<<<<]
[2025-01-18 15:34:35,290:INFO: main:Exist from Data_transformation_stage]
[2025-01-18 15:38:45,602:INFO: Stage_01_dataingestion:Entered into data_ingestion_pipeline]
[2025-01-18 15:39:01,060:INFO: main:>>>>>>>>>>>>>>>>>Entered into Data_ingestion_stage<<<<<<<<<<<<<<<]
[2025-01-18 15:39:01,060:INFO: common:yaml file :config\config.yaml loaded successfully]
[2025-01-18 15:39:01,060:INFO: common:yaml file :params.yaml loaded successfully]
[2025-01-18 15:39:01,060:INFO: common:created dir at : artifacts]
[2025-01-18 15:39:01,060:INFO: common:created dir at : artifacts/data_ingestion]
[2025-01-18 15:39:01,060:INFO: data_ingestion:Downloading data from https://drive.google.com/file/d/11dmrM8o5BQy4zQYGRkaCEVAp-_nt6wWx/view?usp=sharing into file artifacts/data_ingestion/data.zip]
[2025-01-18 15:39:06,256:INFO: data_ingestion:>>>>>>>>>>>>>>>> Data downloaded <<<<<<<<<<<<<]
[2025-01-18 15:39:06,256:INFO: data_ingestion:>>>>>>>>>>> Extracting Zip DataFile <<<<<<<<<<<<<<]
[2025-01-18 15:39:06,256:INFO: data_ingestion:>>>>>>>>>> Zip file extracted <<<<<<<<<<<<<<<]
[2025-01-18 15:39:06,256:INFO: main:Exist from Data_ingestion_stage]
[2025-01-18 15:39:06,256:INFO: main:>>>>>>>>>>>>>>>>> Entered into Data_transformation_stage<<<<<<<<<<<<<<<]
[2025-01-18 15:39:06,256:INFO: Stage_02_transform_data:>>>>>> Running data_transformation_pipeline<<<<<<<<<<]
[2025-01-18 15:39:06,262:INFO: common:yaml file :config\config.yaml loaded successfully]
[2025-01-18 15:39:06,262:INFO: common:yaml file :params.yaml loaded successfully]
[2025-01-18 15:39:06,262:INFO: common:created dir at : artifacts]
[2025-01-18 15:39:06,262:INFO: common:created dir at : artifacts/transformed_data]
[2025-01-18 15:39:06,262:INFO: transform_data:>>>>>>>>> Transforming data <<<<<<<<<]
[2025-01-18 15:39:06,262:INFO: main:Exist from Data_transformation_stage]
[2025-01-18 15:39:33,554:INFO: Stage_01_dataingestion:Entered into data_ingestion_pipeline]
[2025-01-18 15:39:48,366:INFO: main:>>>>>>>>>>>>>>>>>Entered into Data_ingestion_stage<<<<<<<<<<<<<<<]
[2025-01-18 15:39:48,366:INFO: common:yaml file :config\config.yaml loaded successfully]
[2025-01-18 15:39:48,366:INFO: common:yaml file :params.yaml loaded successfully]
[2025-01-18 15:39:48,366:INFO: common:created dir at : artifacts]
[2025-01-18 15:39:48,366:INFO: common:created dir at : artifacts/data_ingestion]
[2025-01-18 15:39:48,366:INFO: data_ingestion:Downloading data from https://drive.google.com/file/d/11dmrM8o5BQy4zQYGRkaCEVAp-_nt6wWx/view?usp=sharing into file artifacts/data_ingestion/data.zip]
[2025-01-18 15:39:53,204:INFO: data_ingestion:>>>>>>>>>>>>>>>> Data downloaded <<<<<<<<<<<<<]
[2025-01-18 15:39:53,204:INFO: data_ingestion:>>>>>>>>>>> Extracting Zip DataFile <<<<<<<<<<<<<<]
[2025-01-18 15:39:53,208:INFO: data_ingestion:>>>>>>>>>> Zip file extracted <<<<<<<<<<<<<<<]
[2025-01-18 15:39:53,208:INFO: main:Exist from Data_ingestion_stage]
[2025-01-18 15:39:53,213:INFO: main:>>>>>>>>>>>>>>>>> Entered into Data_transformation_stage<<<<<<<<<<<<<<<]
[2025-01-18 15:39:53,213:INFO: Stage_02_transform_data:>>>>>> Running data_transformation_pipeline<<<<<<<<<<]
[2025-01-18 15:39:53,219:INFO: common:yaml file :config\config.yaml loaded successfully]
[2025-01-18 15:39:53,222:INFO: common:yaml file :params.yaml loaded successfully]
[2025-01-18 15:39:53,224:INFO: common:created dir at : artifacts]
[2025-01-18 15:39:53,224:INFO: common:created dir at : artifacts/transformed_data]
[2025-01-18 15:39:53,224:INFO: transform_data:>>>>>>>>> Transforming data <<<<<<<<<]
[2025-01-18 15:39:53,234:INFO: main:Exist from Data_transformation_stage]
[2025-01-18 16:16:04,865:INFO: Stage_01_dataingestion:Entered into data_ingestion_pipeline]
[2025-01-18 16:16:23,000:INFO: main:>>>>>>>>>>>>>>>>>Entered into Data_ingestion_stage<<<<<<<<<<<<<<<]
[2025-01-18 16:16:23,000:INFO: common:yaml file :config\config.yaml loaded successfully]
[2025-01-18 16:16:23,000:INFO: common:yaml file :params.yaml loaded successfully]
[2025-01-18 16:16:23,000:INFO: common:created dir at : artifacts]
[2025-01-18 16:16:23,000:INFO: common:created dir at : artifacts/data_ingestion]
[2025-01-18 16:16:23,008:INFO: data_ingestion:Downloading data from https://drive.google.com/file/d/11dmrM8o5BQy4zQYGRkaCEVAp-_nt6wWx/view?usp=sharing into file artifacts/data_ingestion/data.zip]
[2025-01-18 16:16:29,312:INFO: data_ingestion:>>>>>>>>>>>>>>>> Data downloaded <<<<<<<<<<<<<]
[2025-01-18 16:16:29,312:INFO: data_ingestion:>>>>>>>>>>> Extracting Zip DataFile <<<<<<<<<<<<<<]
[2025-01-18 16:16:29,315:INFO: data_ingestion:>>>>>>>>>> Zip file extracted <<<<<<<<<<<<<<<]
[2025-01-18 16:16:29,315:INFO: main:Exist from Data_ingestion_stage]
[2025-01-18 16:16:29,315:INFO: main:>>>>>>>>>>>>>>>>> Entered into Data_transformation_stage<<<<<<<<<<<<<<<]
[2025-01-18 16:16:29,315:INFO: Stage_02_transform_data:>>>>>> Running data_transformation_pipeline<<<<<<<<<<]
[2025-01-18 16:16:29,320:INFO: common:yaml file :config\config.yaml loaded successfully]
[2025-01-18 16:16:29,320:INFO: common:yaml file :params.yaml loaded successfully]
[2025-01-18 16:16:29,323:INFO: common:created dir at : artifacts]
[2025-01-18 16:16:29,323:INFO: common:created dir at : artifacts/transformed_data]
[2025-01-18 16:16:29,325:INFO: transform_data:>>>>>>>>> Transforming data <<<<<<<<<]
[2025-01-18 16:17:08,957:INFO: Stage_01_dataingestion:Entered into data_ingestion_pipeline]
[2025-01-18 16:17:24,489:INFO: main:>>>>>>>>>>>>>>>>>Entered into Data_ingestion_stage<<<<<<<<<<<<<<<]
[2025-01-18 16:17:24,491:INFO: common:yaml file :config\config.yaml loaded successfully]
[2025-01-18 16:17:24,491:INFO: common:yaml file :params.yaml loaded successfully]
[2025-01-18 16:17:24,493:INFO: common:created dir at : artifacts]
[2025-01-18 16:17:24,493:INFO: common:created dir at : artifacts/data_ingestion]
[2025-01-18 16:17:24,495:INFO: data_ingestion:Downloading data from https://drive.google.com/file/d/11dmrM8o5BQy4zQYGRkaCEVAp-_nt6wWx/view?usp=sharing into file artifacts/data_ingestion/data.zip]
[2025-01-18 16:17:29,324:INFO: data_ingestion:>>>>>>>>>>>>>>>> Data downloaded <<<<<<<<<<<<<]
[2025-01-18 16:17:29,324:INFO: data_ingestion:>>>>>>>>>>> Extracting Zip DataFile <<<<<<<<<<<<<<]
[2025-01-18 16:17:29,327:INFO: data_ingestion:>>>>>>>>>> Zip file extracted <<<<<<<<<<<<<<<]
[2025-01-18 16:17:29,327:INFO: main:Exist from Data_ingestion_stage]
[2025-01-18 16:17:29,327:INFO: main:>>>>>>>>>>>>>>>>> Entered into Data_transformation_stage<<<<<<<<<<<<<<<]
[2025-01-18 16:17:29,327:INFO: Stage_02_transform_data:>>>>>> Running data_transformation_pipeline<<<<<<<<<<]
[2025-01-18 16:17:29,333:INFO: common:yaml file :config\config.yaml loaded successfully]
[2025-01-18 16:17:29,336:INFO: common:yaml file :params.yaml loaded successfully]
[2025-01-18 16:17:29,337:INFO: common:created dir at : artifacts]
[2025-01-18 16:17:29,339:INFO: common:created dir at : artifacts/transformed_data]
[2025-01-18 16:17:29,340:INFO: transform_data:>>>>>>>>> Transforming data <<<<<<<<<]
[2025-01-18 16:18:56,600:INFO: Stage_01_dataingestion:Entered into data_ingestion_pipeline]
[2025-01-18 16:19:18,938:INFO: Stage_01_dataingestion:Entered into data_ingestion_pipeline]
[2025-01-18 16:19:34,604:INFO: main:>>>>>>>>>>>>>>>>>Entered into Data_ingestion_stage<<<<<<<<<<<<<<<]
[2025-01-18 16:19:34,604:INFO: common:yaml file :config\config.yaml loaded successfully]
[2025-01-18 16:19:34,604:INFO: common:yaml file :params.yaml loaded successfully]
[2025-01-18 16:19:34,613:INFO: common:created dir at : artifacts]
[2025-01-18 16:19:34,613:INFO: common:created dir at : artifacts/data_ingestion]
[2025-01-18 16:19:34,615:INFO: data_ingestion:Downloading data from https://drive.google.com/file/d/11dmrM8o5BQy4zQYGRkaCEVAp-_nt6wWx/view?usp=sharing into file artifacts/data_ingestion/data.zip]
[2025-01-18 16:19:39,714:INFO: data_ingestion:>>>>>>>>>>>>>>>> Data downloaded <<<<<<<<<<<<<]
[2025-01-18 16:19:39,714:INFO: data_ingestion:>>>>>>>>>>> Extracting Zip DataFile <<<<<<<<<<<<<<]
[2025-01-18 16:19:39,730:INFO: data_ingestion:>>>>>>>>>> Zip file extracted <<<<<<<<<<<<<<<]
[2025-01-18 16:19:39,730:INFO: main:Exist from Data_ingestion_stage]
[2025-01-18 16:19:39,732:INFO: main:>>>>>>>>>>>>>>>>> Entered into Data_transformation_stage<<<<<<<<<<<<<<<]
[2025-01-18 16:19:39,732:INFO: Stage_02_transform_data:>>>>>> Running data_transformation_pipeline<<<<<<<<<<]
[2025-01-18 16:19:39,735:INFO: common:yaml file :config\config.yaml loaded successfully]
[2025-01-18 16:19:39,737:INFO: common:yaml file :params.yaml loaded successfully]
[2025-01-18 16:19:39,739:INFO: common:created dir at : artifacts]
[2025-01-18 16:19:39,740:INFO: common:created dir at : artifacts/transformed_data]
[2025-01-18 16:19:39,741:INFO: transform_data:>>>>>>>>> Transforming data <<<<<<<<<]
[2025-01-18 16:19:58,252:INFO: Stage_01_dataingestion:Entered into data_ingestion_pipeline]
[2025-01-18 16:20:12,630:INFO: main:>>>>>>>>>>>>>>>>>Entered into Data_ingestion_stage<<<<<<<<<<<<<<<]
[2025-01-18 16:20:12,630:INFO: common:yaml file :config\config.yaml loaded successfully]
[2025-01-18 16:20:12,630:INFO: common:yaml file :params.yaml loaded successfully]
[2025-01-18 16:20:12,630:INFO: common:created dir at : artifacts]
[2025-01-18 16:20:12,630:INFO: common:created dir at : artifacts/data_ingestion]
[2025-01-18 16:20:12,646:INFO: data_ingestion:Downloading data from https://drive.google.com/file/d/11dmrM8o5BQy4zQYGRkaCEVAp-_nt6wWx/view?usp=sharing into file artifacts/data_ingestion/data.zip]
[2025-01-18 16:20:17,694:INFO: data_ingestion:>>>>>>>>>>>>>>>> Data downloaded <<<<<<<<<<<<<]
[2025-01-18 16:20:17,694:INFO: data_ingestion:>>>>>>>>>>> Extracting Zip DataFile <<<<<<<<<<<<<<]
[2025-01-18 16:20:17,704:INFO: data_ingestion:>>>>>>>>>> Zip file extracted <<<<<<<<<<<<<<<]
[2025-01-18 16:20:17,704:INFO: main:Exist from Data_ingestion_stage]
[2025-01-18 16:20:17,706:INFO: main:>>>>>>>>>>>>>>>>> Entered into Data_transformation_stage<<<<<<<<<<<<<<<]
[2025-01-18 16:20:17,706:INFO: Stage_02_transform_data:>>>>>> Running data_transformation_pipeline<<<<<<<<<<]
[2025-01-18 16:20:17,707:INFO: common:yaml file :config\config.yaml loaded successfully]
[2025-01-18 16:20:17,707:INFO: common:yaml file :params.yaml loaded successfully]
[2025-01-18 16:20:17,711:INFO: common:created dir at : artifacts]
[2025-01-18 16:20:17,711:INFO: common:created dir at : artifacts/transformed_data]
[2025-01-18 16:20:17,712:INFO: transform_data:>>>>>>>>> Transforming data <<<<<<<<<]
[2025-01-18 16:20:17,719:INFO: main:Exist from Data_transformation_stage]
